# Logfile created on 2020-07-09 17:16:42 -0700 by logger.rb/v1.4.2
W, [2020-07-09T17:16:42.387923 #12724]  WARN -- : Launching Chrome
I, [2020-07-09T17:16:48.616481 #12724]  INFO -- : Loading Core homepage
I, [2020-07-09T17:16:48.616957 #12724]  INFO -- : Loading URL 'https://core-dev.cspace.berkeley.edu'
I, [2020-07-09T17:16:57.318194 #12724]  INFO -- : Logging in as students@cspace.berkeley.edu
I, [2020-07-09T17:17:01.946020 #12724]  INFO -- : Clicking link to Create New
I, [2020-07-09T17:17:03.090067 #12724]  INFO -- : Clicking link to Create New
W, [2020-07-09T17:17:04.248700 #12724]  WARN -- : Quitting Chrome
W, [2020-07-09T18:04:49.774916 #7208]  WARN -- : Launching Chrome
I, [2020-07-09T18:04:55.359938 #7208]  INFO -- : Loading Core homepage
I, [2020-07-09T18:04:55.360067 #7208]  INFO -- : Loading URL 'https://core-dev.cspace.berkeley.edu'
I, [2020-07-09T18:05:02.767839 #7208]  INFO -- : Logging in as students@cspace.berkeley.edu
I, [2020-07-09T18:05:07.557227 #7208]  INFO -- : Clicking link to Create New
I, [2020-07-09T18:05:08.697878 #7208]  INFO -- : Clicking link to Create New
W, [2020-07-09T18:05:09.820056 #7208]  WARN -- : Quitting Chrome
W, [2020-07-09T18:08:17.697711 #15196]  WARN -- : Launching Chrome
I, [2020-07-09T18:08:23.040764 #15196]  INFO -- : Loading Core homepage
I, [2020-07-09T18:08:23.041231 #15196]  INFO -- : Loading URL 'https://core-dev.cspace.berkeley.edu'
I, [2020-07-09T18:08:30.272063 #15196]  INFO -- : Logging in as students@cspace.berkeley.edu
I, [2020-07-09T18:08:35.060529 #15196]  INFO -- : Clicking link to Create New
I, [2020-07-09T18:08:36.229532 #15196]  INFO -- : Clicking link to Create New
W, [2020-07-09T18:08:37.420659 #15196]  WARN -- : Quitting Chrome
W, [2020-07-09T18:09:17.809821 #18508]  WARN -- : Launching Chrome
I, [2020-07-09T18:09:23.134330 #18508]  INFO -- : Loading Core homepage
I, [2020-07-09T18:09:23.134502 #18508]  INFO -- : Loading URL 'https://core-dev.cspace.berkeley.edu'
I, [2020-07-09T18:09:30.052810 #18508]  INFO -- : Logging in as students@cspace.berkeley.edu
I, [2020-07-09T18:09:34.763512 #18508]  INFO -- : Clicking link to Create New
I, [2020-07-09T18:09:35.937892 #18508]  INFO -- : Clicking link to Create New
W, [2020-07-09T18:09:37.084127 #18508]  WARN -- : Quitting Chrome
W, [2020-07-09T18:10:24.736112 #15680]  WARN -- : Launching Chrome
I, [2020-07-09T18:10:30.119027 #15680]  INFO -- : Loading Core homepage
I, [2020-07-09T18:10:30.119239 #15680]  INFO -- : Loading URL 'https://core-dev.cspace.berkeley.edu'
I, [2020-07-09T18:10:35.248240 #15680]  INFO -- : Logging in as students@cspace.berkeley.edu
I, [2020-07-09T18:10:39.922624 #15680]  INFO -- : Clicking link to Create New
I, [2020-07-09T18:10:41.087416 #15680]  INFO -- : Clicking link to Create New
W, [2020-07-09T18:10:42.302187 #15680]  WARN -- : Quitting Chrome
W, [2020-07-09T18:10:50.236955 #11420]  WARN -- : Launching Chrome
I, [2020-07-09T18:10:55.657796 #11420]  INFO -- : Loading Core homepage
I, [2020-07-09T18:10:55.658222 #11420]  INFO -- : Loading URL 'https://core-dev.cspace.berkeley.edu'
I, [2020-07-09T18:11:03.374951 #11420]  INFO -- : Logging in as students@cspace.berkeley.edu
I, [2020-07-09T18:11:08.275330 #11420]  INFO -- : Clicking link to Create New
I, [2020-07-09T18:11:09.408024 #11420]  INFO -- : Clicking link to Create New
W, [2020-07-09T18:11:10.531904 #11420]  WARN -- : Quitting Chrome
W, [2020-07-09T18:12:32.580924 #15840]  WARN -- : Launching Chrome
I, [2020-07-09T18:12:37.912457 #15840]  INFO -- : Loading Core homepage
I, [2020-07-09T18:12:37.912875 #15840]  INFO -- : Loading URL 'https://core-dev.cspace.berkeley.edu'
I, [2020-07-09T18:12:43.126469 #15840]  INFO -- : Logging in as students@cspace.berkeley.edu
I, [2020-07-09T18:12:47.818934 #15840]  INFO -- : Clicking link to Create New
I, [2020-07-09T18:12:48.982385 #15840]  INFO -- : Clicking link to Create New
D, [2020-07-09T18:12:50.128769 #15840] DEBUG -- : Refreshing the page
W, [2020-07-09T18:12:51.103569 #15840]  WARN -- : Quitting Chrome
W, [2020-07-09T18:13:48.102002 #12352]  WARN -- : Launching Chrome
I, [2020-07-09T18:13:53.459883 #12352]  INFO -- : Loading Core homepage
I, [2020-07-09T18:13:53.460052 #12352]  INFO -- : Loading URL 'https://core-dev.cspace.berkeley.edu'
I, [2020-07-09T18:13:58.496251 #12352]  INFO -- : Logging in as students@cspace.berkeley.edu
I, [2020-07-09T18:14:03.502203 #12352]  INFO -- : Clicking link to Create New
I, [2020-07-09T18:14:04.668404 #12352]  INFO -- : Clicking link to Create New
W, [2020-07-09T18:14:05.793686 #12352]  WARN -- : Quitting Chrome
