# Logfile created on 2020-07-15 15:33:33 -0700 by logger.rb/v1.4.2
W, [2020-07-15T15:33:33.871810 #6420]  WARN -- : Launching Chrome
I, [2020-07-15T15:33:39.864598 #6420]  INFO -- : Loading Core homepage
I, [2020-07-15T15:33:39.865063 #6420]  INFO -- : Loading URL 'https://core-dev.cspace.berkeley.edu'
I, [2020-07-15T15:33:45.181698 #6420]  INFO -- : Logging in as students@cspace.berkeley.edu
I, [2020-07-15T15:33:49.689193 #6420]  INFO -- : Clicking link to Create New
I, [2020-07-15T15:33:50.866738 #6420]  INFO -- : Clicking link to Create New
W, [2020-07-15T15:34:10.139578 #6420]  WARN -- : Quitting Chrome
W, [2020-07-15T15:45:50.861079 #18504]  WARN -- : Launching Chrome
I, [2020-07-15T15:45:56.242240 #18504]  INFO -- : Loading Core homepage
I, [2020-07-15T15:45:56.242391 #18504]  INFO -- : Loading URL 'https://core-dev.cspace.berkeley.edu'
I, [2020-07-15T15:46:04.028781 #18504]  INFO -- : Logging in as students@cspace.berkeley.edu
I, [2020-07-15T15:46:08.535895 #18504]  INFO -- : Clicking link to Create New
I, [2020-07-15T15:46:09.668390 #18504]  INFO -- : Clicking link to Create New
W, [2020-07-15T15:46:32.924447 #18504]  WARN -- : Quitting Chrome
W, [2020-07-15T15:48:52.354636 #6360]  WARN -- : Launching Chrome
I, [2020-07-15T15:48:57.692300 #6360]  INFO -- : Loading Core homepage
I, [2020-07-15T15:48:57.692449 #6360]  INFO -- : Loading URL 'https://core-dev.cspace.berkeley.edu'
I, [2020-07-15T15:49:07.816923 #6360]  INFO -- : Logging in as students@cspace.berkeley.edu
I, [2020-07-15T15:49:12.297734 #6360]  INFO -- : Clicking link to Create New
I, [2020-07-15T15:49:13.441836 #6360]  INFO -- : Clicking link to Create New
W, [2020-07-15T15:49:38.478997 #6360]  WARN -- : Quitting Chrome
W, [2020-07-15T15:51:19.594263 #17660]  WARN -- : Launching Chrome
I, [2020-07-15T15:51:25.025618 #17660]  INFO -- : Loading Core homepage
I, [2020-07-15T15:51:25.025775 #17660]  INFO -- : Loading URL 'https://core-dev.cspace.berkeley.edu'
I, [2020-07-15T15:51:35.169608 #17660]  INFO -- : Logging in as students@cspace.berkeley.edu
I, [2020-07-15T15:51:39.689014 #17660]  INFO -- : Clicking link to Create New
I, [2020-07-15T15:51:40.854527 #17660]  INFO -- : Clicking link to Create New
W, [2020-07-15T15:52:07.987741 #17660]  WARN -- : Quitting Chrome
W, [2020-07-15T15:59:00.848762 #18104]  WARN -- : Launching Chrome
I, [2020-07-15T15:59:06.202577 #18104]  INFO -- : Loading Core homepage
I, [2020-07-15T15:59:06.202747 #18104]  INFO -- : Loading URL 'https://core-dev.cspace.berkeley.edu'
I, [2020-07-15T15:59:16.744519 #18104]  INFO -- : Logging in as students@cspace.berkeley.edu
I, [2020-07-15T15:59:21.213802 #18104]  INFO -- : Clicking link to Create New
I, [2020-07-15T15:59:22.354442 #18104]  INFO -- : Clicking link to Create New
W, [2020-07-15T15:59:49.657882 #18104]  WARN -- : Quitting Chrome
W, [2020-07-15T16:00:36.030183 #15532]  WARN -- : Launching Chrome
I, [2020-07-15T16:00:41.394528 #15532]  INFO -- : Loading Core homepage
I, [2020-07-15T16:00:41.394861 #15532]  INFO -- : Loading URL 'https://core-dev.cspace.berkeley.edu'
I, [2020-07-15T16:00:51.868302 #15532]  INFO -- : Logging in as students@cspace.berkeley.edu
I, [2020-07-15T16:00:56.484293 #15532]  INFO -- : Clicking link to Create New
I, [2020-07-15T16:00:57.637406 #15532]  INFO -- : Clicking link to Create New
W, [2020-07-15T16:01:26.713310 #15532]  WARN -- : Quitting Chrome
W, [2020-07-15T16:08:06.787426 #9020]  WARN -- : Launching Chrome
I, [2020-07-15T16:08:12.125554 #9020]  INFO -- : Loading Core homepage
I, [2020-07-15T16:08:12.125709 #9020]  INFO -- : Loading URL 'https://core-dev.cspace.berkeley.edu'
I, [2020-07-15T16:08:22.269820 #9020]  INFO -- : Logging in as students@cspace.berkeley.edu
I, [2020-07-15T16:08:26.743423 #9020]  INFO -- : Clicking link to Create New
I, [2020-07-15T16:08:27.910095 #9020]  INFO -- : Clicking link to Create New
W, [2020-07-15T16:08:59.118195 #9020]  WARN -- : Quitting Chrome
W, [2020-07-15T16:10:18.010361 #19256]  WARN -- : Launching Chrome
I, [2020-07-15T16:10:23.338843 #19256]  INFO -- : Loading Core homepage
I, [2020-07-15T16:10:23.339249 #19256]  INFO -- : Loading URL 'https://core-dev.cspace.berkeley.edu'
I, [2020-07-15T16:10:36.096065 #19256]  INFO -- : Logging in as students@cspace.berkeley.edu
I, [2020-07-15T16:10:40.619030 #19256]  INFO -- : Clicking link to Create New
I, [2020-07-15T16:10:41.783508 #19256]  INFO -- : Clicking link to Create New
W, [2020-07-15T16:11:14.762230 #19256]  WARN -- : Quitting Chrome
W, [2020-07-15T16:19:05.241052 #5568]  WARN -- : Launching Chrome
I, [2020-07-15T16:19:10.755805 #5568]  INFO -- : Loading Core homepage
I, [2020-07-15T16:19:10.755957 #5568]  INFO -- : Loading URL 'https://core-dev.cspace.berkeley.edu'
I, [2020-07-15T16:19:20.091350 #5568]  INFO -- : Logging in as students@cspace.berkeley.edu
I, [2020-07-15T16:19:24.620041 #5568]  INFO -- : Clicking link to Create New
I, [2020-07-15T16:19:25.783994 #5568]  INFO -- : Clicking link to Create New
W, [2020-07-15T16:20:02.897086 #5568]  WARN -- : Quitting Chrome
W, [2020-07-15T16:25:27.250513 #16268]  WARN -- : Launching Chrome
I, [2020-07-15T16:25:32.586581 #16268]  INFO -- : Loading Core homepage
I, [2020-07-15T16:25:32.586711 #16268]  INFO -- : Loading URL 'https://core-dev.cspace.berkeley.edu'
I, [2020-07-15T16:25:43.627638 #16268]  INFO -- : Logging in as students@cspace.berkeley.edu
I, [2020-07-15T16:25:48.857156 #16268]  INFO -- : Clicking link to Create New
I, [2020-07-15T16:25:50.077721 #16268]  INFO -- : Clicking link to Create New
W, [2020-07-15T16:26:36.979617 #16268]  WARN -- : Quitting Chrome
W, [2020-07-15T16:34:47.443985 #6648]  WARN -- : Launching Chrome
I, [2020-07-15T16:34:52.778158 #6648]  INFO -- : Loading Core homepage
I, [2020-07-15T16:34:52.778576 #6648]  INFO -- : Loading URL 'https://core-dev.cspace.berkeley.edu'
I, [2020-07-15T16:35:02.302108 #6648]  INFO -- : Logging in as students@cspace.berkeley.edu
I, [2020-07-15T16:35:06.985515 #6648]  INFO -- : Clicking link to Create New
I, [2020-07-15T16:35:08.183969 #6648]  INFO -- : Clicking link to Create New
W, [2020-07-15T16:35:57.357623 #6648]  WARN -- : Quitting Chrome
W, [2020-07-15T16:38:02.659090 #13132]  WARN -- : Launching Chrome
I, [2020-07-15T16:38:08.003086 #13132]  INFO -- : Loading Core homepage
I, [2020-07-15T16:38:08.003243 #13132]  INFO -- : Loading URL 'https://core-dev.cspace.berkeley.edu'
I, [2020-07-15T16:38:54.603124 #13132]  INFO -- : Logging in as students@cspace.berkeley.edu
I, [2020-07-15T16:38:59.043195 #13132]  INFO -- : Clicking link to Create New
I, [2020-07-15T16:39:00.209843 #13132]  INFO -- : Clicking link to Create New
W, [2020-07-15T16:40:21.622429 #13132]  WARN -- : Quitting Chrome
W, [2020-07-15T16:42:18.330434 #12704]  WARN -- : Launching Chrome
I, [2020-07-15T16:42:23.682667 #12704]  INFO -- : Loading Core homepage
I, [2020-07-15T16:42:23.682847 #12704]  INFO -- : Loading URL 'https://core-dev.cspace.berkeley.edu'
I, [2020-07-15T16:42:34.506706 #12704]  INFO -- : Logging in as students@cspace.berkeley.edu
I, [2020-07-15T16:42:39.047259 #12704]  INFO -- : Clicking link to Create New
I, [2020-07-15T16:42:40.190856 #12704]  INFO -- : Clicking link to Create New
W, [2020-07-15T16:43:43.019477 #12704]  WARN -- : Quitting Chrome
W, [2020-07-15T16:45:17.239635 #14988]  WARN -- : Launching Chrome
I, [2020-07-15T16:45:22.584227 #14988]  INFO -- : Loading Core homepage
I, [2020-07-15T16:45:22.584627 #14988]  INFO -- : Loading URL 'https://core-dev.cspace.berkeley.edu'
I, [2020-07-15T16:45:34.819781 #14988]  INFO -- : Logging in as students@cspace.berkeley.edu
I, [2020-07-15T16:45:39.226120 #14988]  INFO -- : Clicking link to Create New
I, [2020-07-15T16:45:40.391474 #14988]  INFO -- : Clicking link to Create New
W, [2020-07-15T16:46:43.435166 #14988]  WARN -- : Quitting Chrome
W, [2020-07-15T16:49:32.199701 #12624]  WARN -- : Launching Chrome
I, [2020-07-15T16:49:37.537733 #12624]  INFO -- : Loading Core homepage
I, [2020-07-15T16:49:37.538190 #12624]  INFO -- : Loading URL 'https://core-dev.cspace.berkeley.edu'
I, [2020-07-15T16:49:47.560633 #12624]  INFO -- : Logging in as students@cspace.berkeley.edu
I, [2020-07-15T16:49:52.172614 #12624]  INFO -- : Clicking link to Create New
I, [2020-07-15T16:49:53.303806 #12624]  INFO -- : Clicking link to Create New
W, [2020-07-15T16:50:31.447531 #12624]  WARN -- : Quitting Chrome
