# Logfile created on 2020-07-07 09:34:58 -0700 by logger.rb/v1.4.2
W, [2020-07-07T09:34:58.320050 #7612]  WARN -- : Launching Chrome
I, [2020-07-07T09:35:04.401840 #7612]  INFO -- : Loading Core homepage
I, [2020-07-07T09:35:04.402344 #7612]  INFO -- : Loading URL 'https://core-dev.cspace.berkeley.edu'
W, [2020-07-07T09:35:14.520665 #7612]  WARN -- : Quitting Chrome
W, [2020-07-07T09:36:04.806493 #6104]  WARN -- : Launching Chrome
I, [2020-07-07T09:36:10.165028 #6104]  INFO -- : Loading Core homepage
I, [2020-07-07T09:36:10.165521 #6104]  INFO -- : Loading URL 'https://core-dev.cspace.berkeley.edu'
W, [2020-07-07T09:43:11.014637 #14420]  WARN -- : Launching Chrome
I, [2020-07-07T09:43:16.335322 #14420]  INFO -- : Loading Core homepage
I, [2020-07-07T09:43:16.335471 #14420]  INFO -- : Loading URL 'https://core-dev.cspace.berkeley.edu'
W, [2020-07-07T09:43:25.814226 #14420]  WARN -- : Quitting Chrome
W, [2020-07-07T09:43:43.822608 #9532]  WARN -- : Launching Chrome
I, [2020-07-07T09:43:49.239317 #9532]  INFO -- : Loading Core homepage
I, [2020-07-07T09:43:49.239741 #9532]  INFO -- : Loading URL 'https://core-dev.cspace.berkeley.edu'
W, [2020-07-07T09:44:01.711091 #9532]  WARN -- : Quitting Chrome
W, [2020-07-07T09:44:19.966262 #9064]  WARN -- : Launching Chrome
I, [2020-07-07T09:44:25.295294 #9064]  INFO -- : Loading Core homepage
I, [2020-07-07T09:44:25.295422 #9064]  INFO -- : Loading URL 'https://core-dev.cspace.berkeley.edu'
W, [2020-07-07T09:44:37.212400 #9064]  WARN -- : Quitting Chrome
W, [2020-07-07T09:52:47.987155 #17208]  WARN -- : Launching Chrome
I, [2020-07-07T09:52:53.340802 #17208]  INFO -- : Loading Core homepage
I, [2020-07-07T09:52:53.341257 #17208]  INFO -- : Loading URL 'https://core-dev.cspace.berkeley.edu'
W, [2020-07-07T09:53:02.365400 #17208]  WARN -- : Quitting Chrome
W, [2020-07-07T09:53:26.575305 #12688]  WARN -- : Launching Chrome
I, [2020-07-07T09:53:31.916917 #12688]  INFO -- : Loading Core homepage
I, [2020-07-07T09:53:31.917082 #12688]  INFO -- : Loading URL 'https://core-dev.cspace.berkeley.edu'
W, [2020-07-07T09:53:40.821423 #12688]  WARN -- : Quitting Chrome
W, [2020-07-07T09:53:54.866122 #10504]  WARN -- : Launching Chrome
I, [2020-07-07T09:54:00.197213 #10504]  INFO -- : Loading Core homepage
I, [2020-07-07T09:54:00.197363 #10504]  INFO -- : Loading URL 'https://core-dev.cspace.berkeley.edu'
W, [2020-07-07T09:54:14.893835 #10504]  WARN -- : Quitting Chrome
W, [2020-07-07T09:54:43.766769 #12984]  WARN -- : Launching Chrome
I, [2020-07-07T09:54:49.122206 #12984]  INFO -- : Loading Core homepage
I, [2020-07-07T09:54:49.122361 #12984]  INFO -- : Loading URL 'https://core-dev.cspace.berkeley.edu'
W, [2020-07-07T09:54:57.942631 #12984]  WARN -- : Quitting Chrome
W, [2020-07-07T09:55:30.163970 #17444]  WARN -- : Launching Chrome
I, [2020-07-07T09:55:35.513832 #17444]  INFO -- : Loading Core homepage
I, [2020-07-07T09:55:35.514033 #17444]  INFO -- : Loading URL 'https://core-dev.cspace.berkeley.edu'
I, [2020-07-07T09:55:47.410286 #17444]  INFO -- : Logging in as students@cspace.berkeley.edu
I, [2020-07-07T09:55:52.336473 #17444]  INFO -- : Clicking link to Create New
I, [2020-07-07T09:55:53.524352 #17444]  INFO -- : Clicking link to Create New
W, [2020-07-07T09:55:54.737761 #17444]  WARN -- : Quitting Chrome
