# Logfile created on 2020-07-14 11:11:09 -0700 by logger.rb/v1.4.2
W, [2020-07-14T11:11:09.738887 #2448]  WARN -- : Launching Chrome
I, [2020-07-14T11:11:15.887685 #2448]  INFO -- : Loading Core homepage
I, [2020-07-14T11:11:15.887842 #2448]  INFO -- : Loading URL 'https://core-dev.cspace.berkeley.edu'
I, [2020-07-14T11:11:19.439479 #2448]  INFO -- : Logging in as students@cspace.berkeley.edu
I, [2020-07-14T11:11:23.739706 #2448]  INFO -- : Clicking link to Create New
I, [2020-07-14T11:11:24.905990 #2448]  INFO -- : Clicking link to Create New
W, [2020-07-14T11:11:27.230265 #2448]  WARN -- : Quitting Chrome
W, [2020-07-14T11:12:24.783181 #11532]  WARN -- : Launching Chrome
I, [2020-07-14T11:12:30.194920 #11532]  INFO -- : Loading Core homepage
I, [2020-07-14T11:12:30.195027 #11532]  INFO -- : Loading URL 'https://core-dev.cspace.berkeley.edu'
I, [2020-07-14T11:12:33.902961 #11532]  INFO -- : Logging in as students@cspace.berkeley.edu
I, [2020-07-14T11:12:38.050094 #11532]  INFO -- : Clicking link to Create New
I, [2020-07-14T11:12:39.215498 #11532]  INFO -- : Clicking link to Create New
W, [2020-07-14T11:12:41.549165 #11532]  WARN -- : Quitting Chrome
W, [2020-07-14T11:13:45.490653 #16904]  WARN -- : Launching Chrome
I, [2020-07-14T11:13:50.869035 #16904]  INFO -- : Loading Core homepage
I, [2020-07-14T11:13:50.869193 #16904]  INFO -- : Loading URL 'https://core-dev.cspace.berkeley.edu'
I, [2020-07-14T11:13:54.952864 #16904]  INFO -- : Logging in as students@cspace.berkeley.edu
I, [2020-07-14T11:13:59.081018 #16904]  INFO -- : Clicking link to Create New
I, [2020-07-14T11:14:00.257562 #16904]  INFO -- : Clicking link to Create New
W, [2020-07-14T11:14:04.594489 #16904]  WARN -- : Quitting Chrome
W, [2020-07-14T11:14:16.755322 #18852]  WARN -- : Launching Chrome
I, [2020-07-14T11:14:22.140205 #18852]  INFO -- : Loading Core homepage
I, [2020-07-14T11:14:22.140375 #18852]  INFO -- : Loading URL 'https://core-dev.cspace.berkeley.edu'
I, [2020-07-14T11:14:27.060837 #18852]  INFO -- : Logging in as students@cspace.berkeley.edu
I, [2020-07-14T11:14:31.155482 #18852]  INFO -- : Clicking link to Create New
I, [2020-07-14T11:14:32.299153 #18852]  INFO -- : Clicking link to Create New
W, [2020-07-14T11:14:36.613594 #18852]  WARN -- : Quitting Chrome
W, [2020-07-14T11:18:57.920646 #11484]  WARN -- : Launching Chrome
I, [2020-07-14T11:19:03.319735 #11484]  INFO -- : Loading Core homepage
I, [2020-07-14T11:19:03.319970 #11484]  INFO -- : Loading URL 'https://core-dev.cspace.berkeley.edu'
I, [2020-07-14T11:19:08.922600 #11484]  INFO -- : Logging in as students@cspace.berkeley.edu
I, [2020-07-14T11:19:13.019512 #11484]  INFO -- : Clicking link to Create New
I, [2020-07-14T11:19:14.195114 #11484]  INFO -- : Clicking link to Create New
W, [2020-07-14T11:19:37.371685 #11484]  WARN -- : Quitting Chrome
W, [2020-07-14T11:22:34.561687 #6180]  WARN -- : Launching Chrome
I, [2020-07-14T11:22:39.902086 #6180]  INFO -- : Loading Core homepage
I, [2020-07-14T11:22:39.902284 #6180]  INFO -- : Loading URL 'https://core-dev.cspace.berkeley.edu'
I, [2020-07-14T11:22:43.436261 #6180]  INFO -- : Logging in as students@cspace.berkeley.edu
I, [2020-07-14T11:22:47.549417 #6180]  INFO -- : Clicking link to Create New
I, [2020-07-14T11:22:48.714533 #6180]  INFO -- : Clicking link to Create New
W, [2020-07-14T11:22:59.887885 #6180]  WARN -- : Quitting Chrome
W, [2020-07-14T11:26:17.941450 #11812]  WARN -- : Launching Chrome
I, [2020-07-14T11:26:23.349703 #11812]  INFO -- : Loading Core homepage
I, [2020-07-14T11:26:23.349857 #11812]  INFO -- : Loading URL 'https://core-dev.cspace.berkeley.edu'
I, [2020-07-14T11:26:27.085082 #11812]  INFO -- : Logging in as students@cspace.berkeley.edu
I, [2020-07-14T11:26:31.211051 #11812]  INFO -- : Clicking link to Create New
I, [2020-07-14T11:26:32.378079 #11812]  INFO -- : Clicking link to Create New
W, [2020-07-14T11:26:36.688145 #11812]  WARN -- : Quitting Chrome
W, [2020-07-14T11:26:51.741672 #13212]  WARN -- : Launching Chrome
I, [2020-07-14T11:26:57.159663 #13212]  INFO -- : Loading Core homepage
I, [2020-07-14T11:26:57.159858 #13212]  INFO -- : Loading URL 'https://core-dev.cspace.berkeley.edu'
I, [2020-07-14T11:27:00.847246 #13212]  INFO -- : Logging in as students@cspace.berkeley.edu
I, [2020-07-14T11:27:05.121881 #13212]  INFO -- : Clicking link to Create New
I, [2020-07-14T11:27:06.265792 #13212]  INFO -- : Clicking link to Create New
W, [2020-07-14T11:27:11.381705 #13212]  WARN -- : Quitting Chrome
W, [2020-07-14T11:29:40.929698 #17516]  WARN -- : Launching Chrome
I, [2020-07-14T11:29:46.270624 #17516]  INFO -- : Loading Core homepage
I, [2020-07-14T11:29:46.270772 #17516]  INFO -- : Loading URL 'https://core-dev.cspace.berkeley.edu'
I, [2020-07-14T11:29:50.577512 #17516]  INFO -- : Logging in as students@cspace.berkeley.edu
I, [2020-07-14T11:29:54.806138 #17516]  INFO -- : Clicking link to Create New
I, [2020-07-14T11:29:55.948917 #17516]  INFO -- : Clicking link to Create New
W, [2020-07-14T11:30:07.111278 #17516]  WARN -- : Quitting Chrome
W, [2020-07-14T11:43:38.037018 #14216]  WARN -- : Launching Chrome
I, [2020-07-14T11:43:43.422762 #14216]  INFO -- : Loading Core homepage
I, [2020-07-14T11:43:43.422913 #14216]  INFO -- : Loading URL 'https://core-dev.cspace.berkeley.edu'
I, [2020-07-14T11:43:47.165374 #14216]  INFO -- : Logging in as students@cspace.berkeley.edu
W, [2020-07-14T11:43:51.274876 #14216]  WARN -- : Quitting Chrome
W, [2020-07-14T11:46:07.735018 #16856]  WARN -- : Launching Chrome
I, [2020-07-14T11:46:13.069767 #16856]  INFO -- : Loading Core homepage
I, [2020-07-14T11:46:13.069923 #16856]  INFO -- : Loading URL 'https://core-dev.cspace.berkeley.edu'
I, [2020-07-14T11:46:17.200320 #16856]  INFO -- : Logging in as students@cspace.berkeley.edu
W, [2020-07-14T11:46:21.332182 #16856]  WARN -- : Quitting Chrome
W, [2020-07-14T11:46:44.075866 #3304]  WARN -- : Launching Chrome
I, [2020-07-14T11:46:49.463896 #3304]  INFO -- : Loading Core homepage
I, [2020-07-14T11:46:49.464144 #3304]  INFO -- : Loading URL 'https://core-dev.cspace.berkeley.edu'
I, [2020-07-14T11:46:53.201098 #3304]  INFO -- : Logging in as students@cspace.berkeley.edu
W, [2020-07-14T11:46:57.353046 #3304]  WARN -- : Quitting Chrome
W, [2020-07-14T11:50:44.637309 #9248]  WARN -- : Launching Chrome
I, [2020-07-14T11:50:50.018328 #9248]  INFO -- : Loading Core homepage
I, [2020-07-14T11:50:50.018455 #9248]  INFO -- : Loading URL 'https://core-dev.cspace.berkeley.edu'
I, [2020-07-14T11:50:55.264512 #9248]  INFO -- : Logging in as students@cspace.berkeley.edu
I, [2020-07-14T11:50:59.388217 #9248]  INFO -- : Clicking link to Create New
I, [2020-07-14T11:51:00.565541 #9248]  INFO -- : Clicking link to Create New
W, [2020-07-14T11:51:19.814231 #9248]  WARN -- : Quitting Chrome
W, [2020-07-14T11:51:43.944646 #10820]  WARN -- : Launching Chrome
I, [2020-07-14T11:51:49.271792 #10820]  INFO -- : Loading Core homepage
I, [2020-07-14T11:51:49.272008 #10820]  INFO -- : Loading URL 'https://core-dev.cspace.berkeley.edu'
I, [2020-07-14T11:51:52.767773 #10820]  INFO -- : Logging in as students@cspace.berkeley.edu
I, [2020-07-14T11:51:57.054516 #10820]  INFO -- : Clicking link to Create New
I, [2020-07-14T11:51:58.198488 #10820]  INFO -- : Clicking link to Create New
W, [2020-07-14T11:52:05.279246 #10820]  WARN -- : Quitting Chrome
W, [2020-07-14T15:34:06.638697 #16336]  WARN -- : Launching Chrome
I, [2020-07-14T15:34:12.558270 #16336]  INFO -- : Loading Core homepage
I, [2020-07-14T15:34:12.558424 #16336]  INFO -- : Loading URL 'https://core-dev.cspace.berkeley.edu'
I, [2020-07-14T15:34:22.355885 #16336]  INFO -- : Logging in as students@cspace.berkeley.edu
W, [2020-07-14T15:34:26.962536 #16336]  WARN -- : Quitting Chrome
W, [2020-07-14T15:36:05.095256 #12968]  WARN -- : Launching Chrome
I, [2020-07-14T15:36:10.559339 #12968]  INFO -- : Loading Core homepage
I, [2020-07-14T15:36:10.559755 #12968]  INFO -- : Loading URL 'https://core-dev.cspace.berkeley.edu'
I, [2020-07-14T15:36:22.518825 #12968]  INFO -- : Logging in as students@cspace.berkeley.edu
W, [2020-07-14T15:36:27.100280 #12968]  WARN -- : Quitting Chrome
W, [2020-07-14T15:36:50.079308 #18784]  WARN -- : Launching Chrome
I, [2020-07-14T15:36:55.442658 #18784]  INFO -- : Loading Core homepage
I, [2020-07-14T15:36:55.443080 #18784]  INFO -- : Loading URL 'https://core-dev.cspace.berkeley.edu'
I, [2020-07-14T15:37:05.028290 #18784]  INFO -- : Logging in as students@cspace.berkeley.edu
I, [2020-07-14T15:37:09.542514 #18784]  INFO -- : Clicking link to Create New
I, [2020-07-14T15:37:10.708756 #18784]  INFO -- : Clicking link to Create New
W, [2020-07-14T15:37:19.903279 #18784]  WARN -- : Quitting Chrome
W, [2020-07-14T15:42:49.580269 #17204]  WARN -- : Launching Chrome
I, [2020-07-14T15:42:54.997899 #17204]  INFO -- : Loading Core homepage
I, [2020-07-14T15:42:54.998058 #17204]  INFO -- : Loading URL 'https://core-dev.cspace.berkeley.edu'
I, [2020-07-14T15:43:04.475870 #17204]  INFO -- : Logging in as students@cspace.berkeley.edu
I, [2020-07-14T15:43:09.030818 #17204]  INFO -- : Clicking link to Create New
I, [2020-07-14T15:43:10.225681 #17204]  INFO -- : Clicking link to Create New
W, [2020-07-14T15:43:21.330424 #17204]  WARN -- : Quitting Chrome
W, [2020-07-14T15:48:13.147248 #7628]  WARN -- : Launching Chrome
I, [2020-07-14T15:48:18.467788 #7628]  INFO -- : Loading Core homepage
I, [2020-07-14T15:48:18.467993 #7628]  INFO -- : Loading URL 'https://core-dev.cspace.berkeley.edu'
I, [2020-07-14T15:48:28.372335 #7628]  INFO -- : Logging in as students@cspace.berkeley.edu
I, [2020-07-14T15:48:33.051468 #7628]  INFO -- : Clicking link to Create New
I, [2020-07-14T15:48:34.238374 #7628]  INFO -- : Clicking link to Create New
W, [2020-07-14T15:48:45.401923 #7628]  WARN -- : Quitting Chrome
W, [2020-07-14T15:49:35.806868 #9032]  WARN -- : Launching Chrome
I, [2020-07-14T15:49:41.214984 #9032]  INFO -- : Loading Core homepage
I, [2020-07-14T15:49:41.215400 #9032]  INFO -- : Loading URL 'https://core-dev.cspace.berkeley.edu'
I, [2020-07-14T15:49:50.380142 #9032]  INFO -- : Logging in as students@cspace.berkeley.edu
I, [2020-07-14T15:50:10.331539 #9032]  INFO -- : Clicking link to Create New
I, [2020-07-14T15:50:16.512840 #9032]  INFO -- : Clicking link to Create New
W, [2020-07-14T15:51:04.702859 #9032]  WARN -- : Quitting Chrome
W, [2020-07-14T15:54:08.110581 #6336]  WARN -- : Launching Chrome
I, [2020-07-14T15:54:13.460038 #6336]  INFO -- : Loading Core homepage
I, [2020-07-14T15:54:13.460452 #6336]  INFO -- : Loading URL 'https://core-dev.cspace.berkeley.edu'
I, [2020-07-14T15:54:28.649888 #6336]  INFO -- : Logging in as students@cspace.berkeley.edu
I, [2020-07-14T15:54:33.129345 #6336]  INFO -- : Clicking link to Create New
I, [2020-07-14T15:54:34.292547 #6336]  INFO -- : Clicking link to Create New
W, [2020-07-14T15:54:49.277759 #6336]  WARN -- : Quitting Chrome
W, [2020-07-14T15:59:04.369325 #11488]  WARN -- : Launching Chrome
I, [2020-07-14T15:59:09.691321 #11488]  INFO -- : Loading Core homepage
I, [2020-07-14T15:59:09.691456 #11488]  INFO -- : Loading URL 'https://core-dev.cspace.berkeley.edu'
I, [2020-07-14T15:59:21.213734 #11488]  INFO -- : Logging in as students@cspace.berkeley.edu
I, [2020-07-14T15:59:25.812445 #11488]  INFO -- : Clicking link to Create New
I, [2020-07-14T15:59:26.943431 #11488]  INFO -- : Clicking link to Create New
W, [2020-07-14T15:59:44.057628 #11488]  WARN -- : Quitting Chrome
W, [2020-07-14T16:00:42.172926 #15944]  WARN -- : Launching Chrome
I, [2020-07-14T16:00:47.605555 #15944]  INFO -- : Loading Core homepage
I, [2020-07-14T16:00:47.605962 #15944]  INFO -- : Loading URL 'https://core-dev.cspace.berkeley.edu'
I, [2020-07-14T16:00:59.402353 #15944]  INFO -- : Logging in as students@cspace.berkeley.edu
I, [2020-07-14T16:01:05.497249 #15944]  INFO -- : Clicking link to Create New
I, [2020-07-14T16:01:06.639675 #15944]  INFO -- : Clicking link to Create New
W, [2020-07-14T16:01:23.769694 #15944]  WARN -- : Quitting Chrome
